<?xml version="1.0" encoding="UTF-8"?>
<!-- Generated by org.testng.reporters.JUnitReportReporter -->
<testsuite hostname="DESKTOP-G0L57B3" failures="0" tests="2" name="com.Mouse.Actions_Class_2" time="32.343" errors="0" timestamp="2022-03-29T20:40:02 IST" skipped="0">
  <testcase classname="com.Mouse.Actions_Class_2" name="Click_Gmail" time="14.197"/>
  <system-out/>
  <testcase classname="com.Mouse.Actions_Class_2" name="DragNDrop" time="18.146"/>
  <system-out/>
</testsuite> <!-- com.Mouse.Actions_Class_2 -->
