<?xml version="1.0" encoding="UTF-8"?>
<!-- Generated by org.testng.reporters.JUnitReportReporter -->
<testsuite hostname="DESKTOP-G0L57B3" failures="0" tests="1" name="com.Mouse.Keyboard_Actions" time="17.797" errors="0" timestamp="2022-03-30T09:35:49 IST" skipped="0">
  <testcase classname="com.Mouse.Keyboard_Actions" name="verify_test_01" time="17.797"/>
  <system-out/>
</testsuite> <!-- com.Mouse.Keyboard_Actions -->
