<?xml version="1.0" encoding="UTF-8"?>
<!-- Generated by org.testng.reporters.JUnitReportReporter -->
<testsuite hostname="DESKTOP-G0L57B3" failures="0" tests="1" name="com.Asserts.Test_2" time="7.435" errors="0" timestamp="2022-03-31T22:42:05 IST" skipped="0">
  <testcase classname="com.Asserts.Test_2" name="test1" time="7.435"/>
  <system-out/>
</testsuite> <!-- com.Asserts.Test_2 -->
