<?xml version="1.0" encoding="UTF-8"?>
<!-- Generated by org.testng.reporters.JUnitReportReporter -->
<testsuite hostname="DESKTOP-G0L57B3" failures="0" tests="1" name="com.Mouse.Actions_Class" time="23.021" errors="0" timestamp="2022-03-29T09:16:18 IST" skipped="0">
  <testcase classname="com.Mouse.Actions_Class" name="verify_actionsConcepts" time="23.021"/>
  <system-out/>
</testsuite> <!-- com.Mouse.Actions_Class -->
