<?xml version="1.0" encoding="UTF-8"?>
<!-- Generated by org.testng.reporters.JUnitReportReporter -->
<testsuite hostname="DESKTOP-G0L57B3" failures="0" tests="1" name="com.LoginPom.Test_01" time="15.412" errors="0" timestamp="2022-04-02T11:05:17 IST" skipped="0">
  <testcase classname="com.LoginPom.Test_01" name="testLoginPage" time="15.412"/>
  <system-out/>
</testsuite> <!-- com.LoginPom.Test_01 -->
