<?xml version="1.0" encoding="UTF-8"?>
<!-- Generated by org.testng.reporters.JUnitReportReporter -->
<testsuite hostname="DESKTOP-G0L57B3" failures="0" tests="2" name="com.TestNG.Example" time="0.017" errors="0" timestamp="2022-03-26T14:51:24 IST" skipped="0">
  <testcase classname="com.TestNG.Example" name="verifying" time="0.013"/>
  <system-out/>
  <testcase classname="com.TestNG.Example" name="verifying2" time="0.004"/>
  <system-out/>
</testsuite> <!-- com.TestNG.Example -->
