<?xml version="1.0" encoding="UTF-8"?>
<!-- Generated by org.testng.reporters.JUnitReportReporter -->
<testsuite hostname="DESKTOP-G0L57B3" failures="0" tests="2" name="com.TestNG.TestNG_2" time="0.009" errors="0" timestamp="2022-03-28T10:01:47 IST" skipped="0">
  <testcase classname="com.TestNG.TestNG_2" name="m3" time="0.001"/>
  <system-out/>
  <testcase classname="com.TestNG.TestNG_2" name="m2" time="0.008"/>
  <system-out/>
</testsuite> <!-- com.TestNG.TestNG_2 -->
