<?xml version="1.0" encoding="UTF-8"?>
<!-- Generated by org.testng.reporters.JUnitReportReporter -->
<testsuite hostname="DESKTOP-G0L57B3" failures="0" tests="5" name="com.TestNG.TestNG_Concepts" time="0.015" errors="0" timestamp="2022-03-28T09:31:02 IST" skipped="1">
  <testcase classname="com.TestNG.TestNG_Concepts" name="C" time="0.001"/>
  <system-out/>
  <testcase classname="com.TestNG.TestNG_Concepts" name="C" time="0.012"/>
  <system-out/>
  <testcase classname="com.TestNG.TestNG_Concepts" name="C" time="0.001"/>
  <system-out/>
  <testcase classname="com.TestNG.TestNG_Concepts" name="D" time="0.001"/>
  <system-out/>
  <testcase classname="com.TestNG.TestNG_Concepts" name="B">
    <skipped/>
  </testcase> <!-- B -->
  <system-out/>
</testsuite> <!-- com.TestNG.TestNG_Concepts -->
