<?xml version="1.0" encoding="UTF-8"?>
<!-- Generated by org.testng.reporters.JUnitReportReporter -->
<testsuite hostname="DESKTOP-G0L57B3" failures="0" tests="1" name="com.TestNG.TestNG_3" time="0.008" errors="0" timestamp="2022-03-29T22:20:40 IST" skipped="0">
  <testcase classname="com.TestNG.TestNG_3" name="test2" time="0.008"/>
  <system-out/>
</testsuite> <!-- com.TestNG.TestNG_3 -->
